#
# There is insufficient memory for the Java Runtime Environment to continue.
# Native memory allocation (malloc) failed to allocate 818576 bytes. Error detail: Chunk::new
# Possible reasons:
#   The system is out of physical RAM or swap space
#   This process is running with CompressedOops enabled, and the Java Heap may be blocking the growth of the native heap
# Possible solutions:
#   Reduce memory load on the system
#   Increase physical memory or swap space
#   Check if swap backing store is full
#   Decrease Java heap size (-Xmx/-Xms)
#   Decrease number of Java threads
#   Decrease Java thread stack sizes (-Xss)
#   Set larger code cache with -XX:ReservedCodeCacheSize=
#   JVM is running with Unscaled Compressed Oops mode in which the Java heap is
#     placed in the first 4GB address space. The Java Heap base address is the
#     maximum limit for the native heap growth. Please use -XX:HeapBaseMinAddress
#     to set the Java Heap base and to place the Java Heap above 4GB virtual address.
# This output file may be truncated or incomplete.
#
#  Out of Memory Error (arena.cpp:168), pid=52444, tid=53956
#
# JRE version: OpenJDK Runtime Environment Temurin-21.0.9+10 (21.0.9+10) (build 21.0.9+10-LTS)
# Java VM: OpenJDK 64-Bit Server VM Temurin-21.0.9+10 (21.0.9+10-LTS, mixed mode, sharing, tiered, compressed oops, compressed class ptrs, parallel gc, windows-amd64)
# No core dump will be written. Minidumps are not enabled by default on client versions of Windows
#

---------------  S U M M A R Y ------------

Command Line: --add-modules=ALL-SYSTEM --add-opens=java.base/java.util=ALL-UNNAMED --add-opens=java.base/java.lang=ALL-UNNAMED --add-opens=java.base/sun.nio.fs=ALL-UNNAMED -Declipse.application=org.eclipse.jdt.ls.core.id1 -Dosgi.bundles.defaultStartLevel=4 -Declipse.product=org.eclipse.jdt.ls.core.product -Djava.import.generatesMetadataFilesAtProjectRoot=false -DDetectVMInstallationsJob.disabled=true -Dfile.encoding=utf8 -XX:+UseParallelGC -XX:GCTimeRatio=4 -XX:AdaptiveSizePolicyWeight=90 -Dsun.zip.disableMemoryMapping=true -Xmx2G -Xms100m -Xlog:disable -javaagent:c:\Users\pujya\.vscode\extensions\redhat.java-1.50.0-win32-x64\lombok\lombok-1.18.39-4050.jar c:\Users\pujya\.vscode\extensions\redhat.java-1.50.0-win32-x64\server\plugins\org.eclipse.equinox.launcher_1.7.100.v20251111-0406.jar -configuration c:\Users\pujya\AppData\Roaming\Code\User\globalStorage\redhat.java\1.50.0\config_ss_win -data c:\Users\pujya\AppData\Roaming\Code\User\workspaceStorage\8b17d7f870a651b6e1cf471234c93ebe\redhat.java\ss_ws --pipe=\\.\pipe\lsp-87248fcb86811854f6e0547999ffa559-sock

Host: 11th Gen Intel(R) Core(TM) i3-1115G4 @ 3.00GHz, 4 cores, 7G,  Windows 11 , 64 bit Build 26100 (10.0.26100.7019)
Time: Fri Nov 28 02:00:00 2025 India Standard Time elapsed time: 8.789828 seconds (0d 0h 0m 8s)

---------------  T H R E A D  ---------------

Current thread (0x0000025b64b6f010):  JavaThread "C2 CompilerThread1" daemon [_thread_in_native, id=53956, stack(0x000000a5cff00000,0x000000a5d0000000) (1024K)]


Current CompileTask:
C2:8789 2641       4       lombok.patcher.PatchScript$MethodPatcher::visitMethod (158 bytes)

Stack: [0x000000a5cff00000,0x000000a5d0000000]
Native frames: (J=compiled Java code, j=interpreted, Vv=VM code, C=native code)
V  [jvm.dll+0x6d6e29]
V  [jvm.dll+0x8b4b76]
V  [jvm.dll+0x8b712e]
V  [jvm.dll+0x8b7813]
V  [jvm.dll+0x283d86]
V  [jvm.dll+0xc66ed]
V  [jvm.dll+0xc6c31]
V  [jvm.dll+0x3be501]
V  [jvm.dll+0x38ab92]
V  [jvm.dll+0x389fda]
V  [jvm.dll+0x24bfa0]
V  [jvm.dll+0x24b580]
V  [jvm.dll+0x1cb13e]
V  [jvm.dll+0x25b29d]
V  [jvm.dll+0x25982a]
V  [jvm.dll+0x3f7ea6]
V  [jvm.dll+0x85e9ad]
V  [jvm.dll+0x6d565d]
C  [ucrtbase.dll+0x37b0]
C  [KERNEL32.DLL+0x2e8d7]
C  [ntdll.dll+0x8c53c]


---------------  P R O C E S S  ---------------

Threads class SMR info:
_java_thread_list=0x0000025b63ab1370, length=20, elements={
0x0000025b4702b010, 0x0000025b470ea130, 0x0000025b470ec2e0, 0x0000025b46f208c0,
0x0000025b46f23320, 0x0000025b46f25d80, 0x0000025b46f267d0, 0x0000025b46f27600,
0x0000025b46fa0910, 0x0000025b5e749ca0, 0x0000025b5e824460, 0x0000025b635809f0,
0x0000025b634ca3d0, 0x0000025b634cba40, 0x0000025b634af340, 0x0000025b63838ae0,
0x0000025b639853d0, 0x0000025b46f82260, 0x0000025b63a19b30, 0x0000025b64b6f010
}

Java Threads: ( => current thread )
  0x0000025b4702b010 JavaThread "main"                              [_thread_blocked, id=53068, stack(0x000000a5ce600000,0x000000a5ce700000) (1024K)]
  0x0000025b470ea130 JavaThread "Reference Handler"          daemon [_thread_blocked, id=52500, stack(0x000000a5cea00000,0x000000a5ceb00000) (1024K)]
  0x0000025b470ec2e0 JavaThread "Finalizer"                  daemon [_thread_blocked, id=51584, stack(0x000000a5ceb00000,0x000000a5cec00000) (1024K)]
  0x0000025b46f208c0 JavaThread "Signal Dispatcher"          daemon [_thread_blocked, id=52592, stack(0x000000a5cec00000,0x000000a5ced00000) (1024K)]
  0x0000025b46f23320 JavaThread "Attach Listener"            daemon [_thread_blocked, id=52436, stack(0x000000a5ced00000,0x000000a5cee00000) (1024K)]
  0x0000025b46f25d80 JavaThread "Service Thread"             daemon [_thread_blocked, id=53196, stack(0x000000a5cee00000,0x000000a5cef00000) (1024K)]
  0x0000025b46f267d0 JavaThread "Monitor Deflation Thread"   daemon [_thread_blocked, id=9584, stack(0x000000a5cef00000,0x000000a5cf000000) (1024K)]
  0x0000025b46f27600 JavaThread "C2 CompilerThread0"         daemon [_thread_blocked, id=51976, stack(0x000000a5cf000000,0x000000a5cf100000) (1024K)]
  0x0000025b46fa0910 JavaThread "C1 CompilerThread0"         daemon [_thread_blocked, id=52996, stack(0x000000a5cf100000,0x000000a5cf200000) (1024K)]
  0x0000025b5e749ca0 JavaThread "Common-Cleaner"             daemon [_thread_blocked, id=53172, stack(0x000000a5cf200000,0x000000a5cf300000) (1024K)]
  0x0000025b5e824460 JavaThread "Notification Thread"        daemon [_thread_blocked, id=52424, stack(0x000000a5cf300000,0x000000a5cf400000) (1024K)]
  0x0000025b635809f0 JavaThread "Active Thread: Equinox Container: 21b61d77-523a-4a77-88b7-8d19b229929b"        [_thread_blocked, id=41756, stack(0x000000a5cf700000,0x000000a5cf800000) (1024K)]
  0x0000025b634ca3d0 JavaThread "Framework Event Dispatcher: Equinox Container: 21b61d77-523a-4a77-88b7-8d19b229929b" daemon [_thread_blocked, id=52552, stack(0x000000a5cf800000,0x000000a5cf900000) (1024K)]
  0x0000025b634cba40 JavaThread "Start Level: Equinox Container: 21b61d77-523a-4a77-88b7-8d19b229929b" daemon [_thread_in_native, id=11444, stack(0x000000a5cf900000,0x000000a5cfa00000) (1024K)]
  0x0000025b634af340 JavaThread "SCR Component Actor"        daemon [_thread_blocked, id=40832, stack(0x000000a5cfa00000,0x000000a5cfb00000) (1024K)]
  0x0000025b63838ae0 JavaThread "Worker-JM"                         [_thread_blocked, id=52468, stack(0x000000a5cfb00000,0x000000a5cfc00000) (1024K)]
  0x0000025b639853d0 JavaThread "Worker-0"                          [_thread_blocked, id=53312, stack(0x000000a5cfc00000,0x000000a5cfd00000) (1024K)]
  0x0000025b46f82260 JavaThread "Worker-1"                          [_thread_blocked, id=53348, stack(0x000000a5cfd00000,0x000000a5cfe00000) (1024K)]
  0x0000025b63a19b30 JavaThread "Worker-2"                          [_thread_blocked, id=53468, stack(0x000000a5cfe00000,0x000000a5cff00000) (1024K)]
=>0x0000025b64b6f010 JavaThread "C2 CompilerThread1"         daemon [_thread_in_native, id=53956, stack(0x000000a5cff00000,0x000000a5d0000000) (1024K)]
Total: 20

Other Threads:
  0x0000025b46f1f670 VMThread "VM Thread"                           [id=39508, stack(0x000000a5ce900000,0x000000a5cea00000) (1024K)]
  0x0000025b47097ab0 WatcherThread "VM Periodic Task Thread"        [id=53080, stack(0x000000a5ce800000,0x000000a5ce900000) (1024K)]
  0x0000025b47049860 WorkerThread "GC Thread#0"                     [id=52760, stack(0x000000a5ce700000,0x000000a5ce800000) (1024K)]
  0x0000025b5e94f060 WorkerThread "GC Thread#1"                     [id=5296, stack(0x000000a5cf400000,0x000000a5cf500000) (1024K)]
  0x0000025b5e951840 WorkerThread "GC Thread#2"                     [id=29880, stack(0x000000a5cf500000,0x000000a5cf600000) (1024K)]
  0x0000025b5e951be0 WorkerThread "GC Thread#3"                     [id=20556, stack(0x000000a5cf600000,0x000000a5cf700000) (1024K)]
Total: 6

Threads with active compile tasks:
C2 CompilerThread1  8824 2641       4       lombok.patcher.PatchScript$MethodPatcher::visitMethod (158 bytes)
Total: 1

VM state: not at safepoint (normal execution)

VM Mutex/Monitor currently owned by a thread: None

Heap address: 0x0000000080000000, size: 2048 MB, Compressed Oops mode: 32-bit

CDS archive(s) mapped at: [0x0000025b00000000-0x0000025b00ba0000-0x0000025b00ba0000), size 12189696, SharedBaseAddress: 0x0000025b00000000, ArchiveRelocationMode: 1.
Compressed class space mapped at: 0x0000025b01000000-0x0000025b41000000, reserved size: 1073741824
Narrow klass base: 0x0000025b00000000, Narrow klass shift: 0, Narrow klass range: 0x100000000

GC Precious Log:
 CardTable entry size: 512
 CPUs: 4 total, 4 available
 Memory: 7991M
 Large Page Support: Disabled
 NUMA Support: Disabled
 Compressed Oops: Enabled (32-bit)
 Alignments: Space 512K, Generation 512K, Heap 2M
 Heap Min Capacity: 100M
 Heap Initial Capacity: 100M
 Heap Max Capacity: 2G
 Pre-touch: Disabled
 Parallel Workers: 4

Heap:
 PSYoungGen      total 29184K, used 20388K [0x00000000d5580000, 0x00000000d7900000, 0x0000000100000000)
  eden space 25088K, 64% used [0x00000000d5580000,0x00000000d656b218,0x00000000d6e00000)
  from space 4096K, 99% used [0x00000000d6e80000,0x00000000d727de28,0x00000000d7280000)
  to   space 5632K, 0% used [0x00000000d7380000,0x00000000d7380000,0x00000000d7900000)
 ParOldGen       total 68608K, used 6060K [0x0000000080000000, 0x0000000084300000, 0x00000000d5580000)
  object space 68608K, 8% used [0x0000000080000000,0x00000000805eb088,0x0000000084300000)
 Metaspace       used 20573K, committed 21184K, reserved 1114112K
  class space    used 1984K, committed 2240K, reserved 1048576K

Card table byte_map: [0x0000025b469d0000,0x0000025b46de0000] _byte_map_base: 0x0000025b465d0000

Marking Bits: (ParMarkBitMap*) 0x00007ffe50d32460
 Begin Bits: [0x0000025b594e0000, 0x0000025b5b4e0000)
 End Bits:   [0x0000025b5b4e0000, 0x0000025b5d4e0000)

Polling page: 0x0000025b44bf0000

Metaspace:

Usage:
  Non-class:     18.15 MB used.
      Class:      1.94 MB used.
       Both:     20.09 MB used.

Virtual space:
  Non-class space:       64.00 MB reserved,      18.50 MB ( 29%) committed,  1 nodes.
      Class space:        1.00 GB reserved,       2.19 MB ( <1%) committed,  1 nodes.
             Both:        1.06 GB reserved,      20.69 MB (  2%) committed. 

Chunk freelists:
   Non-Class:  12.69 MB
       Class:  13.84 MB
        Both:  26.53 MB

MaxMetaspaceSize: unlimited
CompressedClassSpaceSize: 1.00 GB
Initial GC threshold: 21.00 MB
Current GC threshold: 21.00 MB
CDS: on
 - commit_granule_bytes: 65536.
 - commit_granule_words: 8192.
 - virtual_space_node_default_size: 8388608.
 - enlarge_chunks_in_place: 1.
 - use_allocation_guard: 0.


Internal statistics:

num_allocs_failed_limit: 0.
num_arena_births: 472.
num_arena_deaths: 0.
num_vsnodes_births: 2.
num_vsnodes_deaths: 0.
num_space_committed: 331.
num_space_uncommitted: 0.
num_chunks_returned_to_freelist: 0.
num_chunks_taken_from_freelist: 1229.
num_chunk_merges: 0.
num_chunk_splits: 808.
num_chunks_enlarged: 534.
num_inconsistent_stats: 0.

CodeHeap 'non-profiled nmethods': size=120000Kb used=1203Kb max_used=1203Kb free=118797Kb
 bounds [0x0000025b51d00000, 0x0000025b51f70000, 0x0000025b59230000]
CodeHeap 'profiled nmethods': size=120000Kb used=5257Kb max_used=5257Kb free=114743Kb
 bounds [0x0000025b4a230000, 0x0000025b4a760000, 0x0000025b51760000]
CodeHeap 'non-nmethods': size=5760Kb used=1313Kb max_used=1356Kb free=4446Kb
 bounds [0x0000025b51760000, 0x0000025b519d0000, 0x0000025b51d00000]
CodeCache: size=245760Kb, used=7773Kb, max_used=7816Kb, free=237986Kb
 total_blobs=3237, nmethods=2652, adapters=491, full_count=0
Compilation: enabled, stopped_count=0, restarted_count=0

Compilation events (20 events):
Event: 8.714 Thread 0x0000025b46fa0910 2644       3       lombok.patcher.Hook::getClassSpec (8 bytes)
Event: 8.714 Thread 0x0000025b46fa0910 nmethod 2644 0x0000025b4a74bc10 code [0x0000025b4a74bdc0, 0x0000025b4a74bef8]
Event: 8.715 Thread 0x0000025b46fa0910 2645       3       lombok.patcher.scripts.ReplaceMethodCallScript$ReplaceMethodCall::visitMethodInsn (250 bytes)
Event: 8.717 Thread 0x0000025b46fa0910 nmethod 2645 0x0000025b4a74bf90 code [0x0000025b4a74c340, 0x0000025b4a74d8c8]
Event: 8.717 Thread 0x0000025b46fa0910 2646       3       org.lombokweb.asm.MethodVisitor::visitLocalVariable (24 bytes)
Event: 8.718 Thread 0x0000025b46fa0910 nmethod 2646 0x0000025b4a74e210 code [0x0000025b4a74e3c0, 0x0000025b4a74e5d0]
Event: 8.721 Thread 0x0000025b46fa0910 2647       3       java.util.regex.Matcher::group (65 bytes)
Event: 8.721 Thread 0x0000025b46fa0910 nmethod 2647 0x0000025b4a74e690 code [0x0000025b4a74e8c0, 0x0000025b4a74ef30]
Event: 8.721 Thread 0x0000025b46fa0910 2648       3       java.util.regex.Matcher::groupCount (10 bytes)
Event: 8.721 Thread 0x0000025b46fa0910 nmethod 2648 0x0000025b4a74f190 code [0x0000025b4a74f320, 0x0000025b4a74f438]
Event: 8.722 Thread 0x0000025b46fa0910 2649       3       org.lombokweb.asm.MethodWriter::visitTypeInsn (116 bytes)
Event: 8.722 Thread 0x0000025b46fa0910 nmethod 2649 0x0000025b4a74f510 code [0x0000025b4a74f700, 0x0000025b4a74fb68]
Event: 8.723 Thread 0x0000025b46fa0910 2651       3       org.lombokweb.asm.MethodWriter::endCurrentBasicBlockWithNoSuccessor (98 bytes)
Event: 8.723 Thread 0x0000025b46fa0910 nmethod 2651 0x0000025b4a74fd90 code [0x0000025b4a74ff80, 0x0000025b4a750448]
Event: 8.725 Thread 0x0000025b46fa0910 2652       3       org.lombokweb.asm.MethodVisitor::visitTypeInsn (17 bytes)
Event: 8.725 Thread 0x0000025b46fa0910 nmethod 2652 0x0000025b4a750610 code [0x0000025b4a7507c0, 0x0000025b4a7509c8]
Event: 8.736 Thread 0x0000025b46fa0910 2653       3       jdk.internal.loader.BuiltinClassLoader$2::run (5 bytes)
Event: 8.736 Thread 0x0000025b46fa0910 nmethod 2653 0x0000025b4a750a90 code [0x0000025b4a750c40, 0x0000025b4a750d98]
Event: 8.738 Thread 0x0000025b46fa0910 2654   !   3       jdk.internal.loader.BuiltinClassLoader$2::run (114 bytes)
Event: 8.739 Thread 0x0000025b46fa0910 nmethod 2654 0x0000025b4a750e90 code [0x0000025b4a751140, 0x0000025b4a751f40]

GC Heap History (10 events):
Event: 2.633 GC heap before
{Heap before GC invocations=1 (full 0):
 PSYoungGen      total 29696K, used 25600K [0x00000000d5580000, 0x00000000d7680000, 0x0000000100000000)
  eden space 25600K, 100% used [0x00000000d5580000,0x00000000d6e80000,0x00000000d6e80000)
  from space 4096K, 0% used [0x00000000d7280000,0x00000000d7280000,0x00000000d7680000)
  to   space 4096K, 0% used [0x00000000d6e80000,0x00000000d6e80000,0x00000000d7280000)
 ParOldGen       total 68608K, used 0K [0x0000000080000000, 0x0000000084300000, 0x00000000d5580000)
  object space 68608K, 0% used [0x0000000080000000,0x0000000080000000,0x0000000084300000)
 Metaspace       used 4368K, committed 4608K, reserved 1114112K
  class space    used 474K, committed 576K, reserved 1048576K
}
Event: 2.656 GC heap after
{Heap after GC invocations=1 (full 0):
 PSYoungGen      total 29696K, used 3280K [0x00000000d5580000, 0x00000000d7680000, 0x0000000100000000)
  eden space 25600K, 0% used [0x00000000d5580000,0x00000000d5580000,0x00000000d6e80000)
  from space 4096K, 80% used [0x00000000d6e80000,0x00000000d71b4148,0x00000000d7280000)
  to   space 4096K, 0% used [0x00000000d7280000,0x00000000d7280000,0x00000000d7680000)
 ParOldGen       total 68608K, used 0K [0x0000000080000000, 0x0000000084300000, 0x00000000d5580000)
  object space 68608K, 0% used [0x0000000080000000,0x0000000080000000,0x0000000084300000)
 Metaspace       used 4368K, committed 4608K, reserved 1114112K
  class space    used 474K, committed 576K, reserved 1048576K
}
Event: 4.359 GC heap before
{Heap before GC invocations=2 (full 0):
 PSYoungGen      total 29696K, used 28880K [0x00000000d5580000, 0x00000000d7680000, 0x0000000100000000)
  eden space 25600K, 100% used [0x00000000d5580000,0x00000000d6e80000,0x00000000d6e80000)
  from space 4096K, 80% used [0x00000000d6e80000,0x00000000d71b4148,0x00000000d7280000)
  to   space 4096K, 0% used [0x00000000d7280000,0x00000000d7280000,0x00000000d7680000)
 ParOldGen       total 68608K, used 0K [0x0000000080000000, 0x0000000084300000, 0x00000000d5580000)
  object space 68608K, 0% used [0x0000000080000000,0x0000000080000000,0x0000000084300000)
 Metaspace       used 8311K, committed 8640K, reserved 1114112K
  class space    used 884K, committed 1024K, reserved 1048576K
}
Event: 4.365 GC heap after
{Heap after GC invocations=2 (full 0):
 PSYoungGen      total 29696K, used 4086K [0x00000000d5580000, 0x00000000d7680000, 0x0000000100000000)
  eden space 25600K, 0% used [0x00000000d5580000,0x00000000d5580000,0x00000000d6e80000)
  from space 4096K, 99% used [0x00000000d7280000,0x00000000d767d810,0x00000000d7680000)
  to   space 4096K, 0% used [0x00000000d6e80000,0x00000000d6e80000,0x00000000d7280000)
 ParOldGen       total 68608K, used 927K [0x0000000080000000, 0x0000000084300000, 0x00000000d5580000)
  object space 68608K, 1% used [0x0000000080000000,0x00000000800e7e98,0x0000000084300000)
 Metaspace       used 8311K, committed 8640K, reserved 1114112K
  class space    used 884K, committed 1024K, reserved 1048576K
}
Event: 6.314 GC heap before
{Heap before GC invocations=3 (full 0):
 PSYoungGen      total 29696K, used 29661K [0x00000000d5580000, 0x00000000d7680000, 0x0000000100000000)
  eden space 25600K, 99% used [0x00000000d5580000,0x00000000d6e79f70,0x00000000d6e80000)
  from space 4096K, 99% used [0x00000000d7280000,0x00000000d767d810,0x00000000d7680000)
  to   space 4096K, 0% used [0x00000000d6e80000,0x00000000d6e80000,0x00000000d7280000)
 ParOldGen       total 68608K, used 927K [0x0000000080000000, 0x0000000084300000, 0x00000000d5580000)
  object space 68608K, 1% used [0x0000000080000000,0x00000000800e7e98,0x0000000084300000)
 Metaspace       used 13070K, committed 13568K, reserved 1114112K
  class space    used 1384K, committed 1600K, reserved 1048576K
}
Event: 6.320 GC heap after
{Heap after GC invocations=3 (full 0):
 PSYoungGen      total 29696K, used 4086K [0x00000000d5580000, 0x00000000d7680000, 0x0000000100000000)
  eden space 25600K, 0% used [0x00000000d5580000,0x00000000d5580000,0x00000000d6e80000)
  from space 4096K, 99% used [0x00000000d6e80000,0x00000000d727daa0,0x00000000d7280000)
  to   space 4096K, 0% used [0x00000000d7280000,0x00000000d7280000,0x00000000d7680000)
 ParOldGen       total 68608K, used 2773K [0x0000000080000000, 0x0000000084300000, 0x00000000d5580000)
  object space 68608K, 4% used [0x0000000080000000,0x00000000802b5428,0x0000000084300000)
 Metaspace       used 13070K, committed 13568K, reserved 1114112K
  class space    used 1384K, committed 1600K, reserved 1048576K
}
Event: 7.363 GC heap before
{Heap before GC invocations=4 (full 0):
 PSYoungGen      total 29696K, used 29443K [0x00000000d5580000, 0x00000000d7680000, 0x0000000100000000)
  eden space 25600K, 99% used [0x00000000d5580000,0x00000000d6e434f0,0x00000000d6e80000)
  from space 4096K, 99% used [0x00000000d6e80000,0x00000000d727daa0,0x00000000d7280000)
  to   space 4096K, 0% used [0x00000000d7280000,0x00000000d7280000,0x00000000d7680000)
 ParOldGen       total 68608K, used 2773K [0x0000000080000000, 0x0000000084300000, 0x00000000d5580000)
  object space 68608K, 4% used [0x0000000080000000,0x00000000802b5428,0x0000000084300000)
 Metaspace       used 15957K, committed 16512K, reserved 1114112K
  class space    used 1662K, committed 1920K, reserved 1048576K
}
Event: 7.368 GC heap after
{Heap after GC invocations=4 (full 0):
 PSYoungGen      total 29696K, used 4095K [0x00000000d5580000, 0x00000000d7680000, 0x0000000100000000)
  eden space 25600K, 0% used [0x00000000d5580000,0x00000000d5580000,0x00000000d6e80000)
  from space 4096K, 99% used [0x00000000d7280000,0x00000000d767fd80,0x00000000d7680000)
  to   space 4096K, 0% used [0x00000000d6e80000,0x00000000d6e80000,0x00000000d7280000)
 ParOldGen       total 68608K, used 5558K [0x0000000080000000, 0x0000000084300000, 0x00000000d5580000)
  object space 68608K, 8% used [0x0000000080000000,0x000000008056db68,0x0000000084300000)
 Metaspace       used 15957K, committed 16512K, reserved 1114112K
  class space    used 1662K, committed 1920K, reserved 1048576K
}
Event: 8.264 GC heap before
{Heap before GC invocations=5 (full 0):
 PSYoungGen      total 29696K, used 29328K [0x00000000d5580000, 0x00000000d7680000, 0x0000000100000000)
  eden space 25600K, 98% used [0x00000000d5580000,0x00000000d6e24598,0x00000000d6e80000)
  from space 4096K, 99% used [0x00000000d7280000,0x00000000d767fd80,0x00000000d7680000)
  to   space 4096K, 0% used [0x00000000d6e80000,0x00000000d6e80000,0x00000000d7280000)
 ParOldGen       total 68608K, used 5558K [0x0000000080000000, 0x0000000084300000, 0x00000000d5580000)
  object space 68608K, 8% used [0x0000000080000000,0x000000008056db68,0x0000000084300000)
 Metaspace       used 20132K, committed 20736K, reserved 1114112K
  class space    used 1967K, committed 2240K, reserved 1048576K
}
Event: 8.271 GC heap after
{Heap after GC invocations=5 (full 0):
 PSYoungGen      total 29184K, used 4087K [0x00000000d5580000, 0x00000000d7900000, 0x0000000100000000)
  eden space 25088K, 0% used [0x00000000d5580000,0x00000000d5580000,0x00000000d6e00000)
  from space 4096K, 99% used [0x00000000d6e80000,0x00000000d727de28,0x00000000d7280000)
  to   space 5632K, 0% used [0x00000000d7380000,0x00000000d7380000,0x00000000d7900000)
 ParOldGen       total 68608K, used 6060K [0x0000000080000000, 0x0000000084300000, 0x00000000d5580000)
  object space 68608K, 8% used [0x0000000080000000,0x00000000805eb088,0x0000000084300000)
 Metaspace       used 20132K, committed 20736K, reserved 1114112K
  class space    used 1967K, committed 2240K, reserved 1048576K
}

Dll operation events (9 events):
Event: 0.102 Loaded shared library c:\Users\pujya\.vscode\extensions\redhat.java-1.50.0-win32-x64\jre\21.0.9-win32-x86_64\bin\java.dll
Event: 0.222 Loaded shared library c:\Users\pujya\.vscode\extensions\redhat.java-1.50.0-win32-x64\jre\21.0.9-win32-x86_64\bin\zip.dll
Event: 0.251 Loaded shared library C:\Users\pujya\.vscode\extensions\redhat.java-1.50.0-win32-x64\jre\21.0.9-win32-x86_64\bin\instrument.dll
Event: 0.280 Loaded shared library C:\Users\pujya\.vscode\extensions\redhat.java-1.50.0-win32-x64\jre\21.0.9-win32-x86_64\bin\net.dll
Event: 0.345 Loaded shared library C:\Users\pujya\.vscode\extensions\redhat.java-1.50.0-win32-x64\jre\21.0.9-win32-x86_64\bin\nio.dll
Event: 0.351 Loaded shared library C:\Users\pujya\.vscode\extensions\redhat.java-1.50.0-win32-x64\jre\21.0.9-win32-x86_64\bin\zip.dll
Event: 0.380 Loaded shared library C:\Users\pujya\.vscode\extensions\redhat.java-1.50.0-win32-x64\jre\21.0.9-win32-x86_64\bin\jimage.dll
Event: 0.542 Loaded shared library c:\Users\pujya\.vscode\extensions\redhat.java-1.50.0-win32-x64\jre\21.0.9-win32-x86_64\bin\verify.dll
Event: 4.150 Loaded shared library C:\Users\pujya\AppData\Roaming\Code\User\globalStorage\redhat.java\1.50.0\config_ss_win\org.eclipse.equinox.launcher\org.eclipse.equinox.launcher.win32.win32.x86_64_1.2.1400.v20250801-0854\eclipse_11916.dll

Deoptimization events (20 events):
Event: 7.188 Thread 0x0000025b634cba40 Uncommon trap: trap_request=0xffffffde fr.pc=0x0000025b51df2314 relative=0x00000000000003b4
Event: 7.188 Thread 0x0000025b634cba40 Uncommon trap: reason=class_check action=maybe_recompile pc=0x0000025b51df2314 method=java.util.regex.Pattern$BmpCharPropertyGreedy.match(Ljava/util/regex/Matcher;ILjava/lang/CharSequence;)Z @ 70 c2
Event: 7.188 Thread 0x0000025b634cba40 DEOPT PACKING pc=0x0000025b51df2314 sp=0x000000a5cf9ef940
Event: 7.188 Thread 0x0000025b634cba40 DEOPT UNPACKING pc=0x0000025b517b6da2 sp=0x000000a5cf9ef8e8 mode 2
Event: 7.188 Thread 0x0000025b634cba40 Uncommon trap: trap_request=0xffffffde fr.pc=0x0000025b51df2314 relative=0x00000000000003b4
Event: 7.188 Thread 0x0000025b634cba40 Uncommon trap: reason=class_check action=maybe_recompile pc=0x0000025b51df2314 method=java.util.regex.Pattern$BmpCharPropertyGreedy.match(Ljava/util/regex/Matcher;ILjava/lang/CharSequence;)Z @ 70 c2
Event: 7.188 Thread 0x0000025b634cba40 DEOPT PACKING pc=0x0000025b51df2314 sp=0x000000a5cf9ef790
Event: 7.188 Thread 0x0000025b634cba40 DEOPT UNPACKING pc=0x0000025b517b6da2 sp=0x000000a5cf9ef738 mode 2
Event: 7.283 Thread 0x0000025b634cba40 DEOPT PACKING pc=0x0000025b4a5ffe56 sp=0x000000a5cf9f5260
Event: 7.283 Thread 0x0000025b634cba40 DEOPT UNPACKING pc=0x0000025b517b78e2 sp=0x000000a5cf9f4770 mode 0
Event: 8.058 Thread 0x0000025b634cba40 Uncommon trap: trap_request=0xffffff45 fr.pc=0x0000025b51e10f24 relative=0x0000000000000184
Event: 8.058 Thread 0x0000025b634cba40 Uncommon trap: reason=unstable_if action=reinterpret pc=0x0000025b51e10f24 method=org.lombokweb.asm.ByteVector.putByteArray([BII)Lorg/lombokweb/asm/ByteVector; @ 20 c2
Event: 8.058 Thread 0x0000025b634cba40 DEOPT PACKING pc=0x0000025b51e10f24 sp=0x000000a5cf9eeec0
Event: 8.059 Thread 0x0000025b634cba40 DEOPT UNPACKING pc=0x0000025b517b6da2 sp=0x000000a5cf9eee90 mode 2
Event: 8.059 Thread 0x0000025b634cba40 Uncommon trap: trap_request=0xffffff45 fr.pc=0x0000025b51e10124 relative=0x0000000000000364
Event: 8.059 Thread 0x0000025b634cba40 Uncommon trap: reason=unstable_if action=reinterpret pc=0x0000025b51e10124 method=org.lombokweb.asm.Label.resolve([BLorg/lombokweb/asm/ByteVector;I)Z @ 81 c2
Event: 8.059 Thread 0x0000025b634cba40 DEOPT PACKING pc=0x0000025b51e10124 sp=0x000000a5cf9eef50
Event: 8.059 Thread 0x0000025b634cba40 DEOPT UNPACKING pc=0x0000025b517b6da2 sp=0x000000a5cf9eee58 mode 2
Event: 8.273 Thread 0x0000025b634cba40 DEOPT PACKING pc=0x0000025b4a3621a6 sp=0x000000a5cf9f9b60
Event: 8.273 Thread 0x0000025b634cba40 DEOPT UNPACKING pc=0x0000025b517b78e2 sp=0x000000a5cf9f9058 mode 0

Classes loaded (20 events):
Event: 7.178 Loading class java/io/StringReader
Event: 7.179 Loading class java/io/StringReader done
Event: 7.247 Loading class java/util/zip/GZIPInputStream
Event: 7.248 Loading class java/util/zip/GZIPInputStream done
Event: 7.251 Loading class java/net/SocketTimeoutException
Event: 7.252 Loading class java/io/InterruptedIOException
Event: 7.252 Loading class java/io/InterruptedIOException done
Event: 7.252 Loading class java/net/SocketTimeoutException done
Event: 7.252 Loading class java/net/SocketException
Event: 7.252 Loading class java/net/SocketException done
Event: 7.252 Loading class java/net/UnknownHostException
Event: 7.252 Loading class java/net/UnknownHostException done
Event: 7.252 Loading class java/net/ProtocolException
Event: 7.252 Loading class java/net/ProtocolException done
Event: 7.272 Loading class java/lang/ThreadLocal$SuppliedThreadLocal
Event: 7.272 Loading class java/lang/ThreadLocal$SuppliedThreadLocal done
Event: 7.283 Loading class java/io/FileWriter
Event: 7.283 Loading class java/io/FileWriter done
Event: 7.283 Loading class java/lang/NegativeArraySizeException
Event: 7.283 Loading class java/lang/NegativeArraySizeException done

Classes unloaded (0 events):
No events

Classes redefined (0 events):
No events

Internal exceptions (20 events):
Event: 6.437 Thread 0x0000025b634cba40 Exception <a 'java/io/FileNotFoundException'{0x00000000d56492b0}> (0x00000000d56492b0) 
thrown [s\src\hotspot\share\prims\jni.cpp, line 520]
Event: 6.439 Thread 0x0000025b634cba40 Exception <a 'java/io/FileNotFoundException'{0x00000000d5650818}> (0x00000000d5650818) 
thrown [s\src\hotspot\share\prims\jni.cpp, line 520]
Event: 6.878 Thread 0x0000025b634cba40 Exception <a 'java/lang/NoSuchMethodError'{0x00000000d5c0e6a8}: 'java.lang.Object java.lang.invoke.DirectMethodHandle$Holder.newInvokeSpecial(java.lang.Object, java.lang.Object, java.lang.Object, java.lang.Object, java.lang.Object)'> (0x00000000d5c0e6a8) 
thrown [s\src\hotspot\share\interpreter\linkResolver.cpp, line 773]
Event: 6.895 Thread 0x0000025b634cba40 Exception <a 'java/lang/NoSuchMethodError'{0x00000000d5cee290}: 'java.lang.Object java.lang.invoke.DirectMethodHandle$Holder.invokeSpecial(java.lang.Object, java.lang.Object, java.lang.Object, long, java.lang.Object)'> (0x00000000d5cee290) 
thrown [s\src\hotspot\share\interpreter\linkResolver.cpp, line 773]
Event: 6.896 Thread 0x0000025b634cba40 Exception <a 'java/lang/NoSuchMethodError'{0x00000000d5cf5ad8}: 'java.lang.Object java.lang.invoke.DirectMethodHandle$Holder.newInvokeSpecial(java.lang.Object, java.lang.Object, java.lang.Object, long)'> (0x00000000d5cf5ad8) 
thrown [s\src\hotspot\share\interpreter\linkResolver.cpp, line 773]
Event: 6.896 Thread 0x0000025b634cba40 Exception <a 'java/lang/NoSuchMethodError'{0x00000000d5cf9e88}: 'java.lang.Object java.lang.invoke.DirectMethodHandle$Holder.invokeSpecial(java.lang.Object, java.lang.Object, java.lang.Object, java.lang.Object, long)'> (0x00000000d5cf9e88) 
thrown [s\src\hotspot\share\interpreter\linkResolver.cpp, line 773]
Event: 6.896 Thread 0x0000025b634cba40 Exception <a 'java/lang/NoSuchMethodError'{0x00000000d5cfdaa8}: 'java.lang.Object java.lang.invoke.Invokers$Holder.linkToTargetMethod(java.lang.Object, java.lang.Object, long, java.lang.Object)'> (0x00000000d5cfdaa8) 
thrown [s\src\hotspot\share\interpreter\linkResolver.cpp, line 773]
Event: 6.955 Thread 0x0000025b634cba40 Exception <a 'java/lang/NoSuchMethodError'{0x00000000d5d6f910}: 'int java.lang.invoke.DirectMethodHandle$Holder.invokeStaticInit(java.lang.Object, java.lang.Object, java.lang.Object)'> (0x00000000d5d6f910) 
thrown [s\src\hotspot\share\interpreter\linkResolver.cpp, line 773]
Event: 6.970 Thread 0x0000025b634cba40 Exception <a 'java/lang/IncompatibleClassChangeError'{0x00000000d5e061f8}: Found class java.lang.Object, but interface was expected> (0x00000000d5e061f8) 
thrown [s\src\hotspot\share\interpreter\linkResolver.cpp, line 840]
Event: 6.971 Thread 0x0000025b634cba40 Exception <a 'java/lang/NoSuchMethodError'{0x00000000d5e09da8}: 'java.lang.Object java.lang.invoke.DirectMethodHandle$Holder.invokeSpecial(java.lang.Object, java.lang.Object, java.lang.Object, int, java.lang.Object, java.lang.Object)'> (0x00000000d5e09da8) 
thrown [s\src\hotspot\share\interpreter\linkResolver.cpp, line 773]
Event: 6.972 Thread 0x0000025b634cba40 Exception <a 'java/lang/NoSuchMethodError'{0x00000000d5e11880}: 'java.lang.Object java.lang.invoke.DirectMethodHandle$Holder.newInvokeSpecial(java.lang.Object, java.lang.Object, java.lang.Object, int, java.lang.Object)'> (0x00000000d5e11880) 
thrown [s\src\hotspot\share\interpreter\linkResolver.cpp, line 773]
Event: 6.972 Thread 0x0000025b634cba40 Exception <a 'java/lang/NoSuchMethodError'{0x00000000d5e23848}: 'java.lang.Object java.lang.invoke.DirectMethodHandle$Holder.invokeSpecial(java.lang.Object, java.lang.Object, java.lang.Object, java.lang.Object, int, java.lang.Object)'> (0x00000000d5e23848) 
thrown [s\src\hotspot\share\interpreter\linkResolver.cpp, line 773]
Event: 6.972 Thread 0x0000025b634cba40 Exception <a 'java/lang/NoSuchMethodError'{0x00000000d5e27388}: 'java.lang.Object java.lang.invoke.Invokers$Holder.linkToTargetMethod(java.lang.Object, java.lang.Object, int, java.lang.Object, java.lang.Object)'> (0x00000000d5e27388) 
thrown [s\src\hotspot\share\interpreter\linkResolver.cpp, line 773]
Event: 6.973 Thread 0x0000025b639853d0 Exception <a 'java/lang/NoSuchMethodError'{0x00000000d5d45a70}: 'java.lang.Object java.lang.invoke.DirectMethodHandle$Holder.invokeSpecial(java.lang.Object, java.lang.Object, int, java.lang.Object, java.lang.Object)'> (0x00000000d5d45a70) 
thrown [s\src\hotspot\share\interpreter\linkResolver.cpp, line 773]
Event: 6.973 Thread 0x0000025b639853d0 Exception <a 'java/lang/NoSuchMethodError'{0x00000000d5d4c7a8}: 'java.lang.Object java.lang.invoke.DirectMethodHandle$Holder.newInvokeSpecial(java.lang.Object, java.lang.Object, int, java.lang.Object)'> (0x00000000d5d4c7a8) 
thrown [s\src\hotspot\share\interpreter\linkResolver.cpp, line 773]
Event: 6.974 Thread 0x0000025b639853d0 Exception <a 'java/lang/NoSuchMethodError'{0x00000000d5d50088}: 'java.lang.Object java.lang.invoke.DirectMethodHandle$Holder.invokeSpecial(java.lang.Object, java.lang.Object, java.lang.Object, int, java.lang.Object)'> (0x00000000d5d50088) 
thrown [s\src\hotspot\share\interpreter\linkResolver.cpp, line 773]
Event: 7.077 Thread 0x0000025b634cba40 Exception <a 'java/lang/NoSuchMethodError'{0x00000000d5f6a5b8}: 'void java.lang.invoke.DirectMethodHandle$Holder.invokeSpecial(java.lang.Object, java.lang.Object, java.lang.Object, java.lang.Object, java.lang.Object)'> (0x00000000d5f6a5b8) 
thrown [s\src\hotspot\share\interpreter\linkResolver.cpp, line 773]
Event: 7.164 Thread 0x0000025b634cba40 Exception <a 'java/lang/NoSuchMethodError'{0x00000000d61730c8}: 'double java.lang.invoke.DirectMethodHandle$Holder.invokeStatic(java.lang.Object, java.lang.Object)'> (0x00000000d61730c8) 
thrown [s\src\hotspot\share\interpreter\linkResolver.cpp, line 773]
Event: 7.165 Thread 0x0000025b634cba40 Exception <a 'java/lang/NoSuchMethodError'{0x00000000d6176788}: 'double java.lang.invoke.DirectMethodHandle$Holder.invokeStaticInit(java.lang.Object, java.lang.Object)'> (0x00000000d6176788) 
thrown [s\src\hotspot\share\interpreter\linkResolver.cpp, line 773]
Event: 8.058 Thread 0x0000025b634cba40 Implicit null exception at 0x0000025b51e10df5 to 0x0000025b51e10f08

ZGC Phase Switch (0 events):
No events

VM Operations (20 events):
Event: 4.359 Executing VM operation: ParallelGCFailedAllocation (Allocation Failure)
Event: 4.365 Executing VM operation: ParallelGCFailedAllocation (Allocation Failure) done
Event: 4.683 Executing VM operation: HandshakeAllThreads (Deoptimize)
Event: 4.697 Executing VM operation: HandshakeAllThreads (Deoptimize) done
Event: 5.565 Executing VM operation: HandshakeAllThreads (Deoptimize)
Event: 5.565 Executing VM operation: HandshakeAllThreads (Deoptimize) done
Event: 5.565 Executing VM operation: Cleanup
Event: 5.565 Executing VM operation: Cleanup done
Event: 6.314 Executing VM operation: ParallelGCFailedAllocation (Allocation Failure)
Event: 6.320 Executing VM operation: ParallelGCFailedAllocation (Allocation Failure) done
Event: 6.461 Executing VM operation: HandshakeAllThreads (Deoptimize)
Event: 6.461 Executing VM operation: HandshakeAllThreads (Deoptimize) done
Event: 6.468 Executing VM operation: HandshakeAllThreads (Deoptimize)
Event: 6.468 Executing VM operation: HandshakeAllThreads (Deoptimize) done
Event: 6.599 Executing VM operation: HandshakeAllThreads (Deoptimize)
Event: 6.599 Executing VM operation: HandshakeAllThreads (Deoptimize) done
Event: 7.363 Executing VM operation: ParallelGCFailedAllocation (Allocation Failure)
Event: 7.368 Executing VM operation: ParallelGCFailedAllocation (Allocation Failure) done
Event: 8.264 Executing VM operation: ParallelGCFailedAllocation (Allocation Failure)
Event: 8.271 Executing VM operation: ParallelGCFailedAllocation (Allocation Failure) done

Memory protections (0 events):
No events

Nmethod flushes (0 events):
No events

Events (20 events):
Event: 0.816 Thread 0x0000025b4702b010 Thread added: 0x0000025b5e824460
Event: 1.446 Thread 0x0000025b46fa0910 Thread added: 0x0000025b5e9305e0
Event: 2.005 Thread 0x0000025b5e9305e0 Thread exited: 0x0000025b5e9305e0
Event: 2.180 Thread 0x0000025b46fa0910 Thread added: 0x0000025b5e8f0fa0
Event: 2.329 Thread 0x0000025b5e8f0fa0 Thread exited: 0x0000025b5e8f0fa0
Event: 3.173 Thread 0x0000025b46f27600 Thread added: 0x0000025b63330b90
Event: 3.346 Thread 0x0000025b63330b90 Thread exited: 0x0000025b63330b90
Event: 3.782 Thread 0x0000025b4702b010 Thread added: 0x0000025b635809f0
Event: 4.136 Thread 0x0000025b4702b010 Thread added: 0x0000025b634ca3d0
Event: 4.141 Thread 0x0000025b4702b010 Thread added: 0x0000025b634cba40
Event: 4.672 Thread 0x0000025b634cba40 Thread added: 0x0000025b634af340
Event: 5.178 Thread 0x0000025b46fa0910 Thread added: 0x0000025b63838ae0
Event: 5.728 Thread 0x0000025b63838ae0 Thread exited: 0x0000025b63838ae0
Event: 5.805 Thread 0x0000025b634cba40 Thread added: 0x0000025b63838ae0
Event: 6.901 Thread 0x0000025b634cba40 Thread added: 0x0000025b639853d0
Event: 6.974 Thread 0x0000025b634cba40 Thread added: 0x0000025b46f82260
Event: 7.268 Thread 0x0000025b46f82260 Thread added: 0x0000025b63a19b30
Event: 7.363 Thread 0x0000025b46f27600 Thread added: 0x0000025b6390af50
Event: 7.656 Thread 0x0000025b6390af50 Thread exited: 0x0000025b6390af50
Event: 8.393 Thread 0x0000025b46fa0910 Thread added: 0x0000025b64b6f010


Dynamic libraries:
0x00007ff7c2f10000 - 0x00007ff7c2f1e000 	c:\Users\pujya\.vscode\extensions\redhat.java-1.50.0-win32-x64\jre\21.0.9-win32-x86_64\bin\java.exe
0x00007ffedd880000 - 0x00007ffeddae8000 	C:\WINDOWS\SYSTEM32\ntdll.dll
0x00007ffedcfd0000 - 0x00007ffedd099000 	C:\WINDOWS\System32\KERNEL32.DLL
0x00007ffedab50000 - 0x00007ffedaf48000 	C:\WINDOWS\System32\KERNELBASE.dll
0x00007ffedb4d0000 - 0x00007ffedb61b000 	C:\WINDOWS\System32\ucrtbase.dll
0x00007ffecdca0000 - 0x00007ffecdcb8000 	c:\Users\pujya\.vscode\extensions\redhat.java-1.50.0-win32-x64\jre\21.0.9-win32-x86_64\bin\jli.dll
0x00007ffedc350000 - 0x00007ffedc517000 	C:\WINDOWS\System32\USER32.dll
0x00007ffedb4a0000 - 0x00007ffedb4c7000 	C:\WINDOWS\System32\win32u.dll
0x00007ffedd3a0000 - 0x00007ffedd3cb000 	C:\WINDOWS\System32\GDI32.dll
0x00007ffedaf50000 - 0x00007ffedb07c000 	C:\WINDOWS\System32\gdi32full.dll
0x00007ffedb110000 - 0x00007ffedb1b3000 	C:\WINDOWS\System32\msvcp_win.dll
0x00007ffed75d0000 - 0x00007ffed75ee000 	c:\Users\pujya\.vscode\extensions\redhat.java-1.50.0-win32-x64\jre\21.0.9-win32-x86_64\bin\VCRUNTIME140.dll
0x00007ffec4f90000 - 0x00007ffec5224000 	C:\WINDOWS\WinSxS\amd64_microsoft.windows.common-controls_6595b64144ccf1df_6.0.26100.7019_none_3e06ffa0e335b8a8\COMCTL32.dll
0x00007ffedc520000 - 0x00007ffedc5c9000 	C:\WINDOWS\System32\msvcrt.dll
0x00007ffedbde0000 - 0x00007ffedbe11000 	C:\WINDOWS\System32\IMM32.DLL
0x00007ffed52d0000 - 0x00007ffed52dc000 	c:\Users\pujya\.vscode\extensions\redhat.java-1.50.0-win32-x64\jre\21.0.9-win32-x86_64\bin\vcruntime140_1.dll
0x00007ffe9e0a0000 - 0x00007ffe9e12d000 	c:\Users\pujya\.vscode\extensions\redhat.java-1.50.0-win32-x64\jre\21.0.9-win32-x86_64\bin\msvcp140.dll
0x00007ffe50070000 - 0x00007ffe50e10000 	c:\Users\pujya\.vscode\extensions\redhat.java-1.50.0-win32-x64\jre\21.0.9-win32-x86_64\bin\server\jvm.dll
0x00007ffedd6d0000 - 0x00007ffedd784000 	C:\WINDOWS\System32\ADVAPI32.dll
0x00007ffedd790000 - 0x00007ffedd836000 	C:\WINDOWS\System32\sechost.dll
0x00007ffedc200000 - 0x00007ffedc318000 	C:\WINDOWS\System32\RPCRT4.dll
0x00007ffedd0a0000 - 0x00007ffedd114000 	C:\WINDOWS\System32\WS2_32.dll
0x00007ffeda1c0000 - 0x00007ffeda21e000 	C:\WINDOWS\SYSTEM32\POWRPROF.dll
0x00007ffec58c0000 - 0x00007ffec58f5000 	C:\WINDOWS\SYSTEM32\WINMM.dll
0x00007ffecd160000 - 0x00007ffecd16b000 	C:\WINDOWS\SYSTEM32\VERSION.dll
0x00007ffeda1a0000 - 0x00007ffeda1b4000 	C:\WINDOWS\SYSTEM32\UMPDC.dll
0x00007ffed9790000 - 0x00007ffed97ab000 	C:\WINDOWS\SYSTEM32\kernel.appcore.dll
0x00007ffecebd0000 - 0x00007ffecebda000 	c:\Users\pujya\.vscode\extensions\redhat.java-1.50.0-win32-x64\jre\21.0.9-win32-x86_64\bin\jimage.dll
0x00007ffed7c50000 - 0x00007ffed7e92000 	C:\WINDOWS\SYSTEM32\DBGHELP.DLL
0x00007ffedc7b0000 - 0x00007ffedcb3b000 	C:\WINDOWS\System32\combase.dll
0x00007ffedd130000 - 0x00007ffedd207000 	C:\WINDOWS\System32\OLEAUT32.dll
0x00007ffebe960000 - 0x00007ffebe99c000 	C:\WINDOWS\SYSTEM32\dbgcore.DLL
0x00007ffedb1c0000 - 0x00007ffedb265000 	C:\WINDOWS\System32\bcryptPrimitives.dll
0x00007ffece630000 - 0x00007ffece63f000 	c:\Users\pujya\.vscode\extensions\redhat.java-1.50.0-win32-x64\jre\21.0.9-win32-x86_64\bin\instrument.dll
0x00007ffecdc50000 - 0x00007ffecdc70000 	c:\Users\pujya\.vscode\extensions\redhat.java-1.50.0-win32-x64\jre\21.0.9-win32-x86_64\bin\java.dll
0x00007ffedb620000 - 0x00007ffedbd6f000 	C:\WINDOWS\System32\SHELL32.dll
0x00007ffedb270000 - 0x00007ffedb3db000 	C:\WINDOWS\System32\wintypes.dll
0x00007ffed85b0000 - 0x00007ffed8e0d000 	C:\WINDOWS\SYSTEM32\windows.storage.dll
0x00007ffedbfc0000 - 0x00007ffedc0b2000 	C:\WINDOWS\System32\SHCORE.dll
0x00007ffedc190000 - 0x00007ffedc1f7000 	C:\WINDOWS\System32\shlwapi.dll
0x00007ffeda8f0000 - 0x00007ffeda919000 	C:\WINDOWS\SYSTEM32\profapi.dll
0x00007ffecaf10000 - 0x00007ffecaf28000 	c:\Users\pujya\.vscode\extensions\redhat.java-1.50.0-win32-x64\jre\21.0.9-win32-x86_64\bin\zip.dll
0x00007ffecdc90000 - 0x00007ffecdca0000 	C:\Users\pujya\.vscode\extensions\redhat.java-1.50.0-win32-x64\jre\21.0.9-win32-x86_64\bin\net.dll
0x00007ffecd6f0000 - 0x00007ffecd818000 	C:\WINDOWS\SYSTEM32\WINHTTP.dll
0x00007ffed9d00000 - 0x00007ffed9d6b000 	C:\WINDOWS\system32\mswsock.dll
0x00007ffecadb0000 - 0x00007ffecadc6000 	C:\Users\pujya\.vscode\extensions\redhat.java-1.50.0-win32-x64\jre\21.0.9-win32-x86_64\bin\nio.dll
0x00007ffecdc40000 - 0x00007ffecdc50000 	c:\Users\pujya\.vscode\extensions\redhat.java-1.50.0-win32-x64\jre\21.0.9-win32-x86_64\bin\verify.dll
0x00007ffe9aa70000 - 0x00007ffe9aab4000 	C:\Users\pujya\AppData\Roaming\Code\User\globalStorage\redhat.java\1.50.0\config_ss_win\org.eclipse.equinox.launcher\org.eclipse.equinox.launcher.win32.win32.x86_64_1.2.1400.v20250801-0854\eclipse_11916.dll
0x00007ffedbe20000 - 0x00007ffedbfb7000 	C:\WINDOWS\System32\ole32.dll

JVMTI agents:
c:\Users\pujya\.vscode\extensions\redhat.java-1.50.0-win32-x64\lombok\lombok-1.18.39-4050.jar path:c:\Users\pujya\.vscode\extensions\redhat.java-1.50.0-win32-x64\jre\21.0.9-win32-x86_64\bin\instrument.dll, loaded, initialized, instrumentlib options:none

dbghelp: loaded successfully - version: 4.0.5 - missing functions: none
symbol engine: initialized successfully - sym options: 0x614 - pdb path: .;c:\Users\pujya\.vscode\extensions\redhat.java-1.50.0-win32-x64\jre\21.0.9-win32-x86_64\bin;C:\WINDOWS\SYSTEM32;C:\WINDOWS\WinSxS\amd64_microsoft.windows.common-controls_6595b64144ccf1df_6.0.26100.7019_none_3e06ffa0e335b8a8;c:\Users\pujya\.vscode\extensions\redhat.java-1.50.0-win32-x64\jre\21.0.9-win32-x86_64\bin\server;C:\Users\pujya\AppData\Roaming\Code\User\globalStorage\redhat.java\1.50.0\config_ss_win\org.eclipse.equinox.launcher\org.eclipse.equinox.launcher.win32.win32.x86_64_1.2.1400.v20250801-0854

VM Arguments:
jvm_args: --add-modules=ALL-SYSTEM --add-opens=java.base/java.util=ALL-UNNAMED --add-opens=java.base/java.lang=ALL-UNNAMED --add-opens=java.base/sun.nio.fs=ALL-UNNAMED -Declipse.application=org.eclipse.jdt.ls.core.id1 -Dosgi.bundles.defaultStartLevel=4 -Declipse.product=org.eclipse.jdt.ls.core.product -Djava.import.generatesMetadataFilesAtProjectRoot=false -DDetectVMInstallationsJob.disabled=true -Dfile.encoding=utf8 -XX:+UseParallelGC -XX:GCTimeRatio=4 -XX:AdaptiveSizePolicyWeight=90 -Dsun.zip.disableMemoryMapping=true -Xmx2G -Xms100m -Xlog:disable -javaagent:c:\Users\pujya\.vscode\extensions\redhat.java-1.50.0-win32-x64\lombok\lombok-1.18.39-4050.jar 
java_command: c:\Users\pujya\.vscode\extensions\redhat.java-1.50.0-win32-x64\server\plugins\org.eclipse.equinox.launcher_1.7.100.v20251111-0406.jar -configuration c:\Users\pujya\AppData\Roaming\Code\User\globalStorage\redhat.java\1.50.0\config_ss_win -data c:\Users\pujya\AppData\Roaming\Code\User\workspaceStorage\8b17d7f870a651b6e1cf471234c93ebe\redhat.java\ss_ws --pipe=\\.\pipe\lsp-87248fcb86811854f6e0547999ffa559-sock
java_class_path (initial): c:\Users\pujya\.vscode\extensions\redhat.java-1.50.0-win32-x64\server\plugins\org.eclipse.equinox.launcher_1.7.100.v20251111-0406.jar
Launcher Type: SUN_STANDARD

[Global flags]
    uintx AdaptiveSizePolicyWeight                 = 90                                        {product} {command line}
     intx CICompilerCount                          = 3                                         {product} {ergonomic}
    uintx GCTimeRatio                              = 4                                         {product} {command line}
   size_t InitialHeapSize                          = 104857600                                 {product} {command line}
   size_t MaxHeapSize                              = 2147483648                                {product} {command line}
   size_t MaxNewSize                               = 715653120                                 {product} {ergonomic}
   size_t MinHeapDeltaBytes                        = 524288                                    {product} {ergonomic}
   size_t MinHeapSize                              = 104857600                                 {product} {command line}
   size_t NewSize                                  = 34603008                                  {product} {ergonomic}
    uintx NonNMethodCodeHeapSize                   = 5832780                                {pd product} {ergonomic}
    uintx NonProfiledCodeHeapSize                  = 122912730                              {pd product} {ergonomic}
   size_t OldSize                                  = 70254592                                  {product} {ergonomic}
    uintx ProfiledCodeHeapSize                     = 122912730                              {pd product} {ergonomic}
    uintx ReservedCodeCacheSize                    = 251658240                              {pd product} {ergonomic}
     bool SegmentedCodeCache                       = true                                      {product} {ergonomic}
   size_t SoftMaxHeapSize                          = 2147483648                             {manageable} {ergonomic}
     bool UseCompressedOops                        = true                           {product lp64_product} {ergonomic}
     bool UseLargePagesIndividualAllocation        = false                                  {pd product} {ergonomic}
     bool UseParallelGC                            = true                                      {product} {command line}

Logging:
Log output configuration:
 #0: stdout all=off uptime,level,tags foldmultilines=false
 #1: stderr all=off uptime,level,tags foldmultilines=false

Release file:
JAVA_VERSION="21.0.9" 
MODULES="java.base java.compiler java.datatransfer java.xml java.prefs java.desktop java.instrument java.logging java.management java.security.sasl java.naming java.rmi java.management.rmi java.net.http java.scripting java.security.jgss java.transaction.xa java.sql java.sql.rowset java.xml.crypto java.se java.smartcardio jdk.accessibility jdk.internal.jvmstat jdk.attach jdk.charsets jdk.internal.opt jdk.zipfs jdk.compiler jdk.crypto.ec jdk.crypto.cryptoki jdk.crypto.mscapi jdk.dynalink jdk.internal.ed jdk.editpad jdk.hotspot.agent jdk.httpserver jdk.internal.le jdk.internal.vm.ci jdk.internal.vm.compiler jdk.internal.vm.compiler.management jdk.jartool jdk.javadoc jdk.jcmd jdk.management jdk.management.agent jdk.jconsole jdk.jdeps jdk.jdwp.agent jdk.jdi jdk.jfr jdk.jshell jdk.jsobject jdk.jstatd jdk.localedata jdk.management.jfr jdk.naming.dns jdk.naming.rmi jdk.net jdk.nio.mapmode jdk.random jdk.sctp jdk.security.auth jdk.security.jgss jdk.unsupported jdk.unsupported.desktop jdk.xml.dom" 

Environment Variables:
JAVA_HOME=C:\Program Files\Java\jdk-21
PATH=D:\apache-maven-3.9.11-bin\apache-maven-3.9.11\bin;C:\Program Files\Java\jdk-21\bin;C:\Program Files\Git\cmd;C:\Program Files\Common Files\Oracle\Java\javapath;C:\Python313\Scripts\;C:\Python313\;C:\Windows\system32;C:\Windows;C:\Windows\System32\Wbem;C:\Windows\System32\WindowsPowerShell\v1.0\;C:\Windows\System32\OpenSSH\;C:\Program Files\dotnet\;C:\Program Files\nodejs\;C:\ProgramData\chocolatey\bin;C:\Program Files\Docker\Docker\resources\bin;C:\Program Files\Kubernetes\Minikube;C:\WINDOWS\system32;C:\WINDOWS;C:\WINDOWS\System32\Wbem;C:\WINDOWS\System32\WindowsPowerShell\v1.0\;C:\WINDOWS\System32\OpenSSH\;D:\cloudclass\helm\helm-v4.0.0-beta.2-windows-amd64\windows-amd64;C:\Program Files\cursor\resources\app\bin;C:\Program Files\MySQL\MySQL Shell 8.0\bin\;C:\Users\pujya\AppData\Local\Microsoft\WindowsApps;C:\Users\pujya\AppData\Local\Programs\Microsoft VS Code\bin;C:\Users\pujya\AppData\Local\Programs\Hyper\resources\bin;C:\Users\pujya\AppData\Roaming\npm;C:\Program Files\Git\bin;C:\Program Files\Git\cmd;C:\Program Files\MongoDB\Server\8.0\bin;C:\Users\pujya\AppData\Local\Programs\mongosh\;
USERNAME=pujya
OS=Windows_NT
PROCESSOR_IDENTIFIER=Intel64 Family 6 Model 140 Stepping 1, GenuineIntel
TMP=C:\Users\pujya\AppData\Local\Temp
TEMP=C:\Users\pujya\AppData\Local\Temp




Periodic native trim disabled

---------------  S Y S T E M  ---------------

OS:
 Windows 11 , 64 bit Build 26100 (10.0.26100.7019)
OS uptime: 9 days 17:56 hours
Hyper-V role detected

CPU: total 4 (initial active 4) (2 cores per cpu, 2 threads per core) family 6 model 140 stepping 1 microcode 0xa4, cx8, cmov, fxsr, ht, mmx, 3dnowpref, sse, sse2, sse3, ssse3, sse4.1, sse4.2, popcnt, lzcnt, tsc, tscinvbit, avx, avx2, aes, erms, clmul, bmi1, bmi2, adx, avx512f, avx512dq, avx512cd, avx512bw, avx512vl, sha, fma, vzeroupper, avx512_vpopcntdq, avx512_vpclmulqdq, avx512_vaes, avx512_vnni, clflush, clflushopt, clwb, avx512_vbmi2, avx512_vbmi, hv, rdtscp, rdpid, fsrm, gfni, avx512_bitalg, f16c, cet_ibt, cet_ss, avx512_ifma
Processor Information for the first 4 processors :
  Max Mhz: 2995, Current Mhz: 2995, Mhz Limit: 2995

Memory: 4k page, system-wide physical 7991M (1022M free)
TotalPageFile size 27848M (AvailPageFile size 12M)
current process WorkingSet (physical memory assigned to process): 150M, peak: 157M
current process commit charge ("private bytes"): 280M, peak: 287M

vm_info: OpenJDK 64-Bit Server VM (21.0.9+10-LTS) for windows-amd64 JRE (21.0.9+10-LTS), built on 2025-10-21T00:00:00Z by "admin" with unknown MS VC++:1942

END.
